<?xml version="1.0" encoding="UTF-8"?>
<!-- Generated by org.testng.reporters.JUnitXMLReporter -->
<testsuite ignored="1" hostname="DESKTOP-D0KNPKQ" failures="0" tests="1" name="Default test" time="26.877" errors="0" timestamp="14 Jun 2020 12:01:28 GMT">
  <testcase classname="slider_range.Default_functionalites" name="scrollLoanAmountToMin" time="26.826"/>
  <testcase classname="slider_range.Default_functionalites" name="scrollLoanAmountToMax" time="0.0">
    <ignored/>
  </testcase> <!-- scrollLoanAmountToMax -->
</testsuite> <!-- Default test -->
